2019-10-10 11:04:57,635 [INFO] from play.api.http.EnabledFilters in play-dev-mode-akka.actor.default-dispatcher-6 - Enabled Filters (see <https://www.playframework.com/documentation/latest/Filters>):

    play.filters.csrf.CSRFFilter
    play.filters.headers.SecurityHeadersFilter
    play.filters.csrf.CSRFFilter
    play.filters.cors.CORSFilter
    play.filters.headers.SecurityHeadersFilter

2019-10-10 11:04:57,707 [INFO] from play.api.Play in play-dev-mode-akka.actor.default-dispatcher-6 - Application started (Dev)
2019-10-10 11:04:58,206 [INFO] from play in application-akka.actor.default-dispatcher-2 - Entering Home Screen ........
2019-10-10 11:06:55,375 [ERROR] from application in play-dev-mode-akka.actor.default-dispatcher-11 - 

! @7dee98pg8 - Internal server error, for (GET) [/all/] ->
 
play.sbt.PlayExceptions$CompilationException: Compilation error[unreported exception java.lang.Exception; must be caught or declared to be thrown]
	at play.sbt.PlayExceptions$CompilationException$.apply(PlayExceptions.scala:34)
	at play.sbt.PlayExceptions$CompilationException$.apply(PlayExceptions.scala:34)
	at scala.Option.map(Option.scala:146)
	at play.sbt.run.PlayReload$.$anonfun$taskFailureHandler$1(PlayReload.scala:33)
	at scala.Option.map(Option.scala:146)
	at play.sbt.run.PlayReload$.taskFailureHandler(PlayReload.scala:28)
	at play.sbt.run.PlayReload$.compileFailure(PlayReload.scala:24)
	at play.sbt.run.PlayReload$.$anonfun$compile$3(PlayReload.scala:51)
	at scala.util.Either$LeftProjection.map(Either.scala:569)
	at play.sbt.run.PlayReload$.compile(PlayReload.scala:51)
	at play.sbt.run.PlayRun$.$anonfun$playRunTask$4(PlayRun.scala:76)
	at play.runsupport.Reloader.$anonfun$reload$1(Reloader.scala:412)
	at play.runsupport.Reloader$$anon$5.run(Reloader.scala:50)
	at java.security.AccessController.doPrivileged(Native Method)
	at play.runsupport.Reloader$.play$runsupport$Reloader$$withReloaderContextClassLoader(Reloader.scala:55)
	at play.runsupport.Reloader.reload(Reloader.scala:412)
	at play.core.server.DevServerStart$$anon$1.get(DevServerStart.scala:123)
	at play.core.server.AkkaHttpServer.handleRequest(AkkaHttpServer.scala:241)
	at play.core.server.AkkaHttpServer.$anonfun$createServerBinding$1(AkkaHttpServer.scala:138)
	at akka.stream.impl.fusing.MapAsyncUnordered$$anon$26.onPush(Ops.scala:1304)
	at akka.stream.impl.fusing.GraphInterpreter.processPush(GraphInterpreter.scala:519)
	at akka.stream.impl.fusing.GraphInterpreter.processEvent(GraphInterpreter.scala:482)
	at akka.stream.impl.fusing.GraphInterpreter.execute(GraphInterpreter.scala:378)
	at akka.stream.impl.fusing.GraphInterpreterShell.runBatch(ActorGraphInterpreter.scala:588)
	at akka.stream.impl.fusing.GraphInterpreterShell$AsyncInput.execute(ActorGraphInterpreter.scala:472)
	at akka.stream.impl.fusing.GraphInterpreterShell.processEvent(ActorGraphInterpreter.scala:563)
	at akka.stream.impl.fusing.ActorGraphInterpreter.akka$stream$impl$fusing$ActorGraphInterpreter$$processEvent(ActorGraphInterpreter.scala:745)
	at akka.stream.impl.fusing.ActorGraphInterpreter$$anonfun$receive$1.applyOrElse(ActorGraphInterpreter.scala:760)
	at akka.actor.Actor.aroundReceive(Actor.scala:517)
	at akka.actor.Actor.aroundReceive$(Actor.scala:515)
	at akka.stream.impl.fusing.ActorGraphInterpreter.aroundReceive(ActorGraphInterpreter.scala:670)
	at akka.actor.ActorCell.receiveMessage(ActorCell.scala:588)
	at akka.actor.ActorCell.invoke(ActorCell.scala:557)
	at akka.dispatch.Mailbox.processMailbox(Mailbox.scala:258)
	at akka.dispatch.Mailbox.run(Mailbox.scala:225)
	at akka.dispatch.Mailbox.exec(Mailbox.scala:235)
	at akka.dispatch.forkjoin.ForkJoinTask.doExec(ForkJoinTask.java:260)
	at akka.dispatch.forkjoin.ForkJoinPool$WorkQueue.runTask(ForkJoinPool.java:1339)
	at akka.dispatch.forkjoin.ForkJoinPool.runWorker(ForkJoinPool.java:1979)
	at akka.dispatch.forkjoin.ForkJoinWorkerThread.run(ForkJoinWorkerThread.java:107)
2019-10-10 11:06:56,902 [ERROR] from application in play-dev-mode-akka.actor.default-dispatcher-8 - 

! @7dee99253 - Internal server error, for (GET) [/all/] ->
 
play.sbt.PlayExceptions$CompilationException: Compilation error[unreported exception java.lang.Exception; must be caught or declared to be thrown]
	at play.sbt.PlayExceptions$CompilationException$.apply(PlayExceptions.scala:34)
	at play.sbt.PlayExceptions$CompilationException$.apply(PlayExceptions.scala:34)
	at scala.Option.map(Option.scala:146)
	at play.sbt.run.PlayReload$.$anonfun$taskFailureHandler$1(PlayReload.scala:33)
	at scala.Option.map(Option.scala:146)
	at play.sbt.run.PlayReload$.taskFailureHandler(PlayReload.scala:28)
	at play.sbt.run.PlayReload$.compileFailure(PlayReload.scala:24)
	at play.sbt.run.PlayReload$.$anonfun$compile$3(PlayReload.scala:51)
	at scala.util.Either$LeftProjection.map(Either.scala:569)
	at play.sbt.run.PlayReload$.compile(PlayReload.scala:51)
	at play.sbt.run.PlayRun$.$anonfun$playRunTask$4(PlayRun.scala:76)
	at play.runsupport.Reloader.$anonfun$reload$1(Reloader.scala:412)
	at play.runsupport.Reloader$$anon$5.run(Reloader.scala:50)
	at java.security.AccessController.doPrivileged(Native Method)
	at play.runsupport.Reloader$.play$runsupport$Reloader$$withReloaderContextClassLoader(Reloader.scala:55)
	at play.runsupport.Reloader.reload(Reloader.scala:412)
	at play.core.server.DevServerStart$$anon$1.get(DevServerStart.scala:123)
	at play.core.server.AkkaHttpServer.handleRequest(AkkaHttpServer.scala:241)
	at play.core.server.AkkaHttpServer.$anonfun$createServerBinding$1(AkkaHttpServer.scala:138)
	at akka.stream.impl.fusing.MapAsyncUnordered$$anon$26.onPush(Ops.scala:1304)
	at akka.stream.impl.fusing.GraphInterpreter.processPush(GraphInterpreter.scala:519)
	at akka.stream.impl.fusing.GraphInterpreter.processEvent(GraphInterpreter.scala:482)
	at akka.stream.impl.fusing.GraphInterpreter.execute(GraphInterpreter.scala:378)
	at akka.stream.impl.fusing.GraphInterpreterShell.runBatch(ActorGraphInterpreter.scala:588)
	at akka.stream.impl.fusing.GraphInterpreterShell$AsyncInput.execute(ActorGraphInterpreter.scala:472)
	at akka.stream.impl.fusing.GraphInterpreterShell.processEvent(ActorGraphInterpreter.scala:563)
	at akka.stream.impl.fusing.ActorGraphInterpreter.akka$stream$impl$fusing$ActorGraphInterpreter$$processEvent(ActorGraphInterpreter.scala:745)
	at akka.stream.impl.fusing.ActorGraphInterpreter$$anonfun$receive$1.applyOrElse(ActorGraphInterpreter.scala:760)
	at akka.actor.Actor.aroundReceive(Actor.scala:517)
	at akka.actor.Actor.aroundReceive$(Actor.scala:515)
	at akka.stream.impl.fusing.ActorGraphInterpreter.aroundReceive(ActorGraphInterpreter.scala:670)
	at akka.actor.ActorCell.receiveMessage(ActorCell.scala:588)
	at akka.actor.ActorCell.invoke(ActorCell.scala:557)
	at akka.dispatch.Mailbox.processMailbox(Mailbox.scala:258)
	at akka.dispatch.Mailbox.run(Mailbox.scala:225)
	at akka.dispatch.Mailbox.exec(Mailbox.scala:235)
	at akka.dispatch.forkjoin.ForkJoinTask.doExec(ForkJoinTask.java:260)
	at akka.dispatch.forkjoin.ForkJoinPool$WorkQueue.runTask(ForkJoinPool.java:1339)
	at akka.dispatch.forkjoin.ForkJoinPool.runWorker(ForkJoinPool.java:1979)
	at akka.dispatch.forkjoin.ForkJoinWorkerThread.run(ForkJoinWorkerThread.java:107)
2019-10-10 11:11:37,049 [INFO] from play.api.http.EnabledFilters in play-dev-mode-akka.actor.default-dispatcher-16 - Enabled Filters (see <https://www.playframework.com/documentation/latest/Filters>):

    play.filters.csrf.CSRFFilter
    play.filters.headers.SecurityHeadersFilter
    play.filters.csrf.CSRFFilter
    play.filters.cors.CORSFilter
    play.filters.headers.SecurityHeadersFilter

2019-10-10 11:11:37,068 [INFO] from play.api.Play in play-dev-mode-akka.actor.default-dispatcher-16 - Application started (Dev)
2019-10-10 11:11:37,111 [INFO] from play in application-akka.actor.default-dispatcher-8 - Getting Either One Image Or Multiple Images ........
2019-10-10 11:11:37,111 [INFO] from play in application-akka.actor.default-dispatcher-8 - Case One Image  ........
2019-10-10 11:11:37,113 [INFO] from play in application-akka.actor.default-dispatcher-8 - Returning Image From Service ........
2019-10-10 11:11:37,779 [INFO] from play in ForkJoinPool.commonPool-worker-1 - The id :904
2019-10-10 11:11:42,305 [INFO] from play in application-akka.actor.default-dispatcher-4 - Getting Either One Image Or Multiple Images ........
2019-10-10 11:11:42,305 [INFO] from play in application-akka.actor.default-dispatcher-4 - Case One Image  ........
2019-10-10 11:11:42,305 [INFO] from play in application-akka.actor.default-dispatcher-4 - Case Multiple Images  ........
2019-10-10 11:11:45,160 [INFO] from play in application-akka.actor.default-dispatcher-4 - Getting Either One Image Or Multiple Images ........
2019-10-10 11:11:45,160 [INFO] from play in application-akka.actor.default-dispatcher-4 - Case One Image  ........
2019-10-10 11:11:45,162 [INFO] from play in application-akka.actor.default-dispatcher-4 - Returning Image From Service ........
2019-10-10 11:11:45,202 [INFO] from play in ForkJoinPool.commonPool-worker-1 - The id :64
2019-10-10 11:11:46,223 [INFO] from play in application-akka.actor.default-dispatcher-4 - Getting Either One Image Or Multiple Images ........
2019-10-10 11:11:46,223 [INFO] from play in application-akka.actor.default-dispatcher-4 - Case One Image  ........
2019-10-10 11:11:46,223 [INFO] from play in application-akka.actor.default-dispatcher-4 - Case Multiple Images  ........
2019-10-10 11:11:52,530 [INFO] from play in application-akka.actor.default-dispatcher-6 - Getting Either One Image Or Multiple Images ........
2019-10-10 11:11:52,530 [INFO] from play in application-akka.actor.default-dispatcher-6 - Case One Image  ........
2019-10-10 11:11:52,530 [INFO] from play in application-akka.actor.default-dispatcher-6 - Returning Image From Service ........
2019-10-10 11:11:52,567 [INFO] from play in ForkJoinPool.commonPool-worker-1 - The id :133
2019-10-10 11:32:31,334 [INFO] from play in application-akka.actor.default-dispatcher-3 - Getting One Image ........
2019-10-10 11:32:31,337 [INFO] from play in application-akka.actor.default-dispatcher-3 - Returning Image From Service ........
2019-10-10 11:32:31,662 [INFO] from play in ForkJoinPool.commonPool-worker-1 - The id :869
2019-10-10 11:32:31,990 [INFO] from play in application-akka.actor.default-dispatcher-3 - Entering Home Screen ........
2019-10-10 11:32:32,382 [INFO] from play in application-akka.actor.default-dispatcher-4 - Getting Multiple Images ........
2019-10-10 11:41:06,047 [INFO] from play in application-akka.actor.default-dispatcher-2 - Getting One Image ........
2019-10-10 11:41:06,049 [INFO] from play in application-akka.actor.default-dispatcher-2 - Returning Image From Service ........
2019-10-10 11:41:07,798 [INFO] from play in ForkJoinPool.commonPool-worker-1 - The id :871
2019-10-10 11:41:08,077 [INFO] from play in application-akka.actor.default-dispatcher-3 - Entering Home Screen ........
2019-10-10 11:41:08,344 [INFO] from play in application-akka.actor.default-dispatcher-2 - Getting Multiple Images ........
2019-10-10 11:46:38,041 [INFO] from play in application-akka.actor.default-dispatcher-5 - Getting One Image ........
2019-10-10 11:46:38,044 [INFO] from play in application-akka.actor.default-dispatcher-5 - Returning Image From Service ........
2019-10-10 11:46:38,433 [INFO] from play in ForkJoinPool.commonPool-worker-1 - The id :112
2019-10-10 11:46:38,660 [INFO] from play in application-akka.actor.default-dispatcher-2 - Entering Home Screen ........
2019-10-10 11:46:38,853 [INFO] from play in application-akka.actor.default-dispatcher-4 - Getting Multiple Images ........
